build/app/outputs/mapping/release/mapping.txt
# compiler: R8
# compiler_version: 1.5.64
# min_api: 16
# pg_map_id: 3004a7d
...
android.support.v4.media.session.MediaSessionCompat$ResultReceiverWrapper$1 -> android.support.v4.media.session.MediaSessionCompat$ResultReceiverWrapper$a:
android.support.v4.media.session.MediaSessionCompat$Token -> android.support.v4.media.session.MediaSessionCompat$Token:
    java.lang.Object mInner -> d
    android.support.v4.media.session.IMediaSession mExtraBinder -> e
    android.support.v4.media.session.IMediaSession getExtraBinder() -> a
    void setExtraBinder(android.support.v4.media.session.IMediaSession) -> a
    void setSessionToken2Bundle(android.os.Bundle) -> a
android.support.v4.media.session.MediaSessionCompat$Token$1 -> android.support.v4.media.session.MediaSessionCompat$Token$a:
android.support.v4.media.session.MediaSessionCompatApi21$QueueItem -> android.support.v4.media.session.g:
    java.lang.Object getDescription(java.lang.Object) -> a
    long getQueueId(java.lang.Object) -> b
android.support.v4.media.session.ParcelableVolumeInfo -> android.support.v4.media.session.ParcelableVolumeInfo:
    int currentVolume -> h
    int controlType -> f
    int maxVolume -> g
    int volumeType -> d
    int audioStream -> e
android.support.v4.media.session.ParcelableVolumeInfo$1 -> android.support.v4.media.session.ParcelableVolumeInfo$a:
android.support.v4.media.session.PlaybackStateCompat -> android.support.v4.media.session.PlaybackStateCompat:
    android.os.Bundle mExtras -> n
    long mUpdateTime -> k
    long mBufferedPosition -> f
    long mPosition -> e
    float mSpeed -> g
    long mActions -> h
    int mErrorCode -> i
    int mState -> d
    long mActiveItemId -> m
    java.lang.CharSequence mErrorMessage -> j
    java.util.List mCustomActions -> l
    android.support.v4.media.session.PlaybackStateCompat fromPlaybackState(java.lang.Object) -> a
android.support.v4.media.session.PlaybackStateCompat$1 -> android.support.v4.media.session.PlaybackStateCompat$a:
android.support.v4.media.session.PlaybackStateCompat$CustomAction -> android.support.v4.media.session.PlaybackStateCompat$CustomAction:
    int mIcon -> f
    android.os.Bundle mExtras -> g
    java.lang.CharSequence mName -> e
    java.lang.String mAction -> d
    android.support.v4.media.session.PlaybackStateCompat$CustomAction fromCustomAction(java.lang.Object) -> a
android.support.v4.media.session.PlaybackStateCompat$CustomAction$1 -> android.support.v4.media.session.PlaybackStateCompat$CustomAction$a:
android.support.v4.media.session.PlaybackStateCompatApi21 -> android.support.v4.media.session.h:
    long getActions(java.lang.Object) -> a
    long getActiveQueueItemId(java.lang.Object) -> b
    long getBufferedPosition(java.lang.Object) -> c
    java.util.List getCustomActions(java.lang.Object) -> d
    java.lang.CharSequence getErrorMessage(java.lang.Object) -> e
    long getLastPositionUpdateTime(java.lang.Object) -> f
    float getPlaybackSpeed(java.lang.Object) -> g
    long getPosition(java.lang.Object) -> h
    int getState(java.lang.Object) -> i
android.support.v4.media.session.PlaybackStateCompatApi21$CustomAction -> android.support.v4.media.session.h$a:
    java.lang.String getAction(java.lang.Object) -> a
    android.os.Bundle getExtras(java.lang.Object) -> b
    int getIcon(java.lang.Object) -> c
    java.lang.CharSequence getName(java.lang.Object) -> d
android.support.v4.media.session.PlaybackStateCompatApi22 -> android.support.v4.media.session.i:
    android.os.Bundle getExtras(java.lang.Object) -> a
android.support.v4.os.IResultReceiver -> a.a.a.a.a:
    void send(int,android.os.Bundle) -> a
android.support.v4.os.IResultReceiver$Stub -> a.a.a.a.a$a:
    android.support.v4.os.IResultReceiver asInterface(android.os.IBinder) -> a
android.support.v4.os.IResultReceiver$Stub$Proxy -> a.a.a.a.a$a$a:
    android.os.IBinder mRemote -> a
android.support.v4.os.ResultReceiver -> a.a.a.a.b:
    android.os.Handler mHandler -> d
    android.support.v4.os.IResultReceiver mReceiver -> e
    void onReceiveResult(int,android.os.Bundle) -> a